<?xml version="1.0" encoding="UTF-8"?>
<!-- Generated by org.testng.reporters.JUnitReportReporter -->
<testsuite hostname="Raghavas-MacBook-Pro.local" failures="0" tests="3" name="PracticeAPI.MyAPI" time="8.591" errors="0" timestamp="2025-02-05T12:50:37 IST" skipped="0">
  <testcase classname="PracticeAPI.MyAPI" name="testGetStoreInventory" time="3.676"/>
  <system-out/>
  <testcase classname="PracticeAPI.MyAPI" name="testPostBooking" time="3.108"/>
  <system-out/>
  <testcase classname="PracticeAPI.MyAPI" name="testPostStoreOrder" time="1.807"/>
  <system-out/>
</testsuite> <!-- PracticeAPI.MyAPI -->
