<?xml version="1.0" encoding="UTF-8"?>
<!-- Generated by org.testng.reporters.JUnitReportReporter -->
<testsuite hostname="Raghavas-MacBook-Pro.local" failures="0" tests="1" name="com.edureka.APIAssignment.updateProductInformation" time="0.014" errors="0" timestamp="2025-03-01T20:35:10 IST" skipped="0">
  <testcase classname="com.edureka.APIAssignment.updateProductInformation" name="updateInformation" time="0.014"/>
</testsuite> <!-- com.edureka.APIAssignment.updateProductInformation -->
