<?xml version="1.0" encoding="UTF-8"?>
<!-- Generated by org.testng.reporters.JUnitReportReporter -->
<testsuite hostname="Raghavas-MacBook-Pro.local" failures="0" tests="3" name="com.edureka.APIAssignment.UserManagementAPITesting" time="2.559" errors="0" timestamp="2025-02-18T18:46:32 IST" skipped="0">
  <testcase classname="com.edureka.APIAssignment.UserManagementAPITesting" name="CreateNewUser" time="1.348"/>
  <testcase classname="com.edureka.APIAssignment.UserManagementAPITesting" name="ValidateNewUser" time="0.479"/>
  <testcase classname="com.edureka.APIAssignment.UserManagementAPITesting" name="LoginNewUser" time="0.732"/>
</testsuite> <!-- com.edureka.APIAssignment.UserManagementAPITesting -->
