<?xml version="1.0" encoding="UTF-8"?>
<!-- Generated by org.testng.reporters.JUnitReportReporter -->
<testsuite hostname="Raghavas-MacBook-Pro.local" failures="0" tests="2" name="com.edureka.APIAssignment.ProductAPITest" time="0.040" errors="0" timestamp="2025-03-01T20:35:10 IST" skipped="0">
  <testcase classname="com.edureka.APIAssignment.ProductAPITest" name="createNewProduct" time="0.028"/>
  <testcase classname="com.edureka.APIAssignment.ProductAPITest" name="getProductDetails" time="0.012"/>
</testsuite> <!-- com.edureka.APIAssignment.ProductAPITest -->
