<?xml version="1.0" encoding="UTF-8"?>
<!-- Generated by org.testng.reporters.JUnitReportReporter -->
<testsuite hostname="Raghavas-MacBook-Pro.local" failures="0" tests="3" name="com.edureka.APIAssignment.AppTest" time="2.331" errors="0" timestamp="2025-02-14T21:15:28 IST" skipped="0">
  <testcase classname="com.edureka.APIAssignment.AppTest" name="CreateNewUser" time="1.471"/>
  <testcase classname="com.edureka.APIAssignment.AppTest" name="ValidateNewUser" time="0.503"/>
  <testcase classname="com.edureka.APIAssignment.AppTest" name="LoginNewUser" time="0.357"/>
</testsuite> <!-- com.edureka.APIAssignment.AppTest -->
